<?xml version="1.0" encoding="UTF-8"?>
<!-- Generated by org.testng.reporters.JUnitXMLReporter -->
<testsuite hostname="DESKTOP-H7B76VV" ignored="0" name="LoginPage" tests="2" failures="0" timestamp="2021-08-07T23:34:38 EDT" time="23.174" errors="0">
  <testcase name="validateLoginwithValidUser" time="2.422" classname="com.sfdc.training.test.login.LoginTest"/>
  <testcase name="validateLoginwithInvaliteUser" time="1.263" classname="com.sfdc.training.test.login.LoginTest"/>
</testsuite> <!-- LoginPage -->
